<?xml version="1.0" encoding="UTF-8"?>
<!-- Generated by org.testng.reporters.JUnitReportReporter -->
<testsuite skipped="0" hostname="Kaluaracchi" name="DayOneTest2.TestClassTwo" tests="1" failures="0" timestamp="13 Jan 2019 08:28:12 GMT" time="20.513" errors="0">
  <testcase name="testSearch" time="20.513" classname="DayOneTest2.TestClassTwo"/>
</testsuite> <!-- DayOneTest2.TestClassTwo -->
